<?xml version="1.0" encoding="UTF-8" ?>
<testsuite errors="1" failures="0" hostname="pork" name="clientSide.tests.Phase1UnitTests" skipped="0" tests="1" time="0.039" timestamp="2015-10-04T05:32:31">
  <properties>
[...]
</properties>
  <testcase classname="clientSide.tests.Phase1UnitTests" name="initializationError" time="0.004">
    <error message="No runnable methods" type="java.lang.Exception">java.lang.Exception: No runnable methods
	at java.lang.reflect.Constructor.newInstance(Constructor.java:422)
</error>
  </testcase>
  <system-out><![CDATA[]]></system-out>
  <system-err><![CDATA[]]></system-err>
</testsuite>
